*******************
COMIENZA EL TORNEO
*******************

Grupos y equipos
=================

Grupo A
________________
Dinamarca
Hungria
Suiza
Alemania


JORNADA 1
Dinamarca vs Alemania
Hungria vs Suiza
=========================

JORNADA 2
Alemania vs Suiza
Dinamarca vs Hungria
=========================

JORNADA 3
Hungria vs Alemania
Suiza vs Dinamarca
=========================

Grupo B
________________
Austria
Bélgica
Holanda
Eslovaquia


JORNADA 1
Austria vs Eslovaquia
Bélgica vs Holanda
=========================

JORNADA 2
Eslovaquia vs Holanda
Austria vs Bélgica
=========================

JORNADA 3
Bélgica vs Eslovaquia
Holanda vs Austria
=========================

Grupo C
________________
Polonia
España
Croacia
Finlandia


JORNADA 1
Polonia vs Finlandia
España vs Croacia
=========================

JORNADA 2
Finlandia vs Croacia
Polonia vs España
=========================

JORNADA 3
España vs Finlandia
Croacia vs Polonia
=========================

Grupo D
________________
República Checa
Turquía
Suecia
Portugal


JORNADA 1
República Checa vs Portugal
Turquía vs Suecia
=========================

JORNADA 2
Portugal vs Suecia
República Checa vs Turquía
=========================

JORNADA 3
Turquía vs Portugal
Suecia vs República Checa
=========================

Grupo E
________________
Escocia
Gales
Rusia
Ucrania


JORNADA 1
Escocia vs Ucrania
Gales vs Rusia
=========================

JORNADA 2
Ucrania vs Rusia
Escocia vs Gales
=========================

JORNADA 3
Gales vs Ucrania
Rusia vs Escocia
=========================

Grupo F
________________
Italia
Macedonia
Francia
Inglaterra


JORNADA 1
Italia vs Inglaterra
Macedonia vs Francia
=========================

JORNADA 2
Inglaterra vs Francia
Italia vs Macedonia
=========================

JORNADA 3
Macedonia vs Inglaterra
Francia vs Italia
=========================

********************************
******COMIENZA LA EUROCOPA******
********************************

Grupo A - Jornada 1
___________________
Dinamarca vs Alemania : 1 - 3
Hungria vs Suiza : 0 - 2
┌─────────┬─────────────┬────────┬────┬────┬────┬────┬────────┬────────┬───────────┐
│ (index) │    Team     │ Points │ PG │ WG │ DG │ LG │ GoalsF │ GoalsA │ GoalsDiff │
├─────────┼─────────────┼────────┼────┼────┼────┼────┼────────┼────────┼───────────┤
│    0    │ 'Alemania'  │   3    │ 1  │ 1  │ 0  │ 0  │   3    │   1    │     2     │
│    1    │   'Suiza'   │   3    │ 1  │ 1  │ 0  │ 0  │   2    │   0    │     2     │
│    2    │ 'Dinamarca' │   0    │ 1  │ 0  │ 0  │ 1  │   1    │   3    │    -2     │
│    3    │  'Hungria'  │   0    │ 1  │ 0  │ 0  │ 1  │   0    │   2    │    -2     │
└─────────┴─────────────┴────────┴────┴────┴────┴────┴────────┴────────┴───────────┘
Grupo B - Jornada 1
___________________
Austria vs Eslovaquia : 3 - 1
Bélgica vs Holanda : 4 - 3
┌─────────┬──────────────┬────────┬────┬────┬────┬────┬────────┬────────┬───────────┐
│ (index) │     Team     │ Points │ PG │ WG │ DG │ LG │ GoalsF │ GoalsA │ GoalsDiff │
├─────────┼──────────────┼────────┼────┼────┼────┼────┼────────┼────────┼───────────┤
│    0    │  'Austria'   │   3    │ 1  │ 1  │ 0  │ 0  │   3    │   1    │     2     │
│    1    │  'Bélgica'   │   3    │ 1  │ 1  │ 0  │ 0  │   4    │   3    │     1     │
│    2    │  'Holanda'   │   0    │ 1  │ 0  │ 0  │ 1  │   3    │   4    │    -1     │
│    3    │ 'Eslovaquia' │   0    │ 1  │ 0  │ 0  │ 1  │   1    │   3    │    -2     │
└─────────┴──────────────┴────────┴────┴────┴────┴────┴────────┴────────┴───────────┘
Grupo C - Jornada 1
___________________
Polonia vs Finlandia : 2 - 1
España vs Croacia : 3 - 3
┌─────────┬─────────────┬────────┬────┬────┬────┬────┬────────┬────────┬───────────┐
│ (index) │    Team     │ Points │ PG │ WG │ DG │ LG │ GoalsF │ GoalsA │ GoalsDiff │
├─────────┼─────────────┼────────┼────┼────┼────┼────┼────────┼────────┼───────────┤
│    0    │  'Polonia'  │   3    │ 1  │ 1  │ 0  │ 0  │   2    │   1    │     1     │
│    1    │  'Croacia'  │   1    │ 1  │ 0  │ 1  │ 0  │   3    │   3    │     0     │
│    2    │  'España'   │   1    │ 1  │ 0  │ 1  │ 0  │   3    │   3    │     0     │
│    3    │ 'Finlandia' │   0    │ 1  │ 0  │ 0  │ 1  │   1    │   2    │    -1     │
└─────────┴─────────────┴────────┴────┴────┴────┴────┴────────┴────────┴───────────┘
Grupo D - Jornada 1
___________________
República Checa vs Portugal : 1 - 1
Turquía vs Suecia : 1 - 2
┌─────────┬───────────────────┬────────┬────┬────┬────┬────┬────────┬────────┬───────────┐
│ (index) │       Team        │ Points │ PG │ WG │ DG │ LG │ GoalsF │ GoalsA │ GoalsDiff │
├─────────┼───────────────────┼────────┼────┼────┼────┼────┼────────┼────────┼───────────┤
│    0    │     'Suecia'      │   3    │ 1  │ 1  │ 0  │ 0  │   2    │   1    │     1     │
│    1    │    'Portugal'     │   1    │ 1  │ 0  │ 1  │ 0  │   1    │   1    │     0     │
│    2    │ 'República Checa' │   1    │ 1  │ 0  │ 1  │ 0  │   1    │   1    │     0     │
│    3    │     'Turquía'     │   0    │ 1  │ 0  │ 0  │ 1  │   1    │   2    │    -1     │
└─────────┴───────────────────┴────────┴────┴────┴────┴────┴────────┴────────┴───────────┘
Grupo E - Jornada 1
___________________
Escocia vs Ucrania : 2 - 3
Gales vs Rusia : 1 - 2
┌─────────┬───────────┬────────┬────┬────┬────┬────┬────────┬────────┬───────────┐
│ (index) │   Team    │ Points │ PG │ WG │ DG │ LG │ GoalsF │ GoalsA │ GoalsDiff │
├─────────┼───────────┼────────┼────┼────┼────┼────┼────────┼────────┼───────────┤
│    0    │  'Rusia'  │   3    │ 1  │ 1  │ 0  │ 0  │   2    │   1    │     1     │
│    1    │ 'Ucrania' │   3    │ 1  │ 1  │ 0  │ 0  │   3    │   2    │     1     │
│    2    │ 'Escocia' │   0    │ 1  │ 0  │ 0  │ 1  │   2    │   3    │    -1     │
│    3    │  'Gales'  │   0    │ 1  │ 0  │ 0  │ 1  │   1    │   2    │    -1     │
└─────────┴───────────┴────────┴────┴────┴────┴────┴────────┴────────┴───────────┘
Grupo F - Jornada 1
___________________
Italia vs Inglaterra : 4 - 4
Macedonia vs Francia : 3 - 1
┌─────────┬──────────────┬────────┬────┬────┬────┬────┬────────┬────────┬───────────┐
│ (index) │     Team     │ Points │ PG │ WG │ DG │ LG │ GoalsF │ GoalsA │ GoalsDiff │
├─────────┼──────────────┼────────┼────┼────┼────┼────┼────────┼────────┼───────────┤
│    0    │ 'Macedonia'  │   3    │ 1  │ 1  │ 0  │ 0  │   3    │   1    │     2     │
│    1    │ 'Inglaterra' │   1    │ 1  │ 0  │ 1  │ 0  │   4    │   4    │     0     │
│    2    │   'Italia'   │   1    │ 1  │ 0  │ 1  │ 0  │   4    │   4    │     0     │
│    3    │  'Francia'   │   0    │ 1  │ 0  │ 0  │ 1  │   1    │   3    │    -2     │
└─────────┴──────────────┴────────┴────┴────┴────┴────┴────────┴────────┴───────────┘
Grupo A - Jornada 2
___________________
Alemania vs Suiza : 3 - 0
Dinamarca vs Hungria : 3 - 4
┌─────────┬─────────────┬────────┬────┬────┬────┬────┬────────┬────────┬───────────┐
│ (index) │    Team     │ Points │ PG │ WG │ DG │ LG │ GoalsF │ GoalsA │ GoalsDiff │
├─────────┼─────────────┼────────┼────┼────┼────┼────┼────────┼────────┼───────────┤
│    0    │ 'Alemania'  │   6    │ 2  │ 2  │ 0  │ 0  │   6    │   1    │     5     │
│    1    │  'Hungria'  │   3    │ 2  │ 1  │ 0  │ 1  │   4    │   5    │    -1     │
│    2    │   'Suiza'   │   3    │ 2  │ 1  │ 0  │ 1  │   2    │   3    │    -1     │
│    3    │ 'Dinamarca' │   0    │ 2  │ 0  │ 0  │ 2  │   4    │   7    │    -3     │
└─────────┴─────────────┴────────┴────┴────┴────┴────┴────────┴────────┴───────────┘
Grupo B - Jornada 2
___________________
Eslovaquia vs Holanda : 3 - 1
Austria vs Bélgica : 4 - 0
┌─────────┬──────────────┬────────┬────┬────┬────┬────┬────────┬────────┬───────────┐
│ (index) │     Team     │ Points │ PG │ WG │ DG │ LG │ GoalsF │ GoalsA │ GoalsDiff │
├─────────┼──────────────┼────────┼────┼────┼────┼────┼────────┼────────┼───────────┤
│    0    │  'Austria'   │   6    │ 2  │ 2  │ 0  │ 0  │   7    │   1    │     6     │
│    1    │ 'Eslovaquia' │   3    │ 2  │ 1  │ 0  │ 1  │   4    │   4    │     0     │
│    2    │  'Bélgica'   │   3    │ 2  │ 1  │ 0  │ 1  │   4    │   7    │    -3     │
│    3    │  'Holanda'   │   0    │ 2  │ 0  │ 0  │ 2  │   4    │   7    │    -3     │
└─────────┴──────────────┴────────┴────┴────┴────┴────┴────────┴────────┴───────────┘
Grupo C - Jornada 2
___________________
Finlandia vs Croacia : 3 - 2
Polonia vs España : 0 - 2
┌─────────┬─────────────┬────────┬────┬────┬────┬────┬────────┬────────┬───────────┐
│ (index) │    Team     │ Points │ PG │ WG │ DG │ LG │ GoalsF │ GoalsA │ GoalsDiff │
├─────────┼─────────────┼────────┼────┼────┼────┼────┼────────┼────────┼───────────┤
│    0    │  'España'   │   4    │ 2  │ 1  │ 1  │ 0  │   5    │   3    │     2     │
│    1    │ 'Finlandia' │   3    │ 2  │ 1  │ 0  │ 1  │   4    │   4    │     0     │
│    2    │  'Polonia'  │   3    │ 2  │ 1  │ 0  │ 1  │   2    │   3    │    -1     │
│    3    │  'Croacia'  │   1    │ 2  │ 0  │ 1  │ 1  │   5    │   6    │    -1     │
└─────────┴─────────────┴────────┴────┴────┴────┴────┴────────┴────────┴───────────┘
Grupo D - Jornada 2
___________________
Portugal vs Suecia : 3 - 4
República Checa vs Turquía : 3 - 3
┌─────────┬───────────────────┬────────┬────┬────┬────┬────┬────────┬────────┬───────────┐
│ (index) │       Team        │ Points │ PG │ WG │ DG │ LG │ GoalsF │ GoalsA │ GoalsDiff │
├─────────┼───────────────────┼────────┼────┼────┼────┼────┼────────┼────────┼───────────┤
│    0    │     'Suecia'      │   6    │ 2  │ 2  │ 0  │ 0  │   6    │   4    │     2     │
│    1    │ 'República Checa' │   2    │ 2  │ 0  │ 2  │ 0  │   4    │   4    │     0     │
│    2    │    'Portugal'     │   1    │ 2  │ 0  │ 1  │ 1  │   4    │   5    │    -1     │
│    3    │     'Turquía'     │   1    │ 2  │ 0  │ 1  │ 1  │   4    │   5    │    -1     │
└─────────┴───────────────────┴────────┴────┴────┴────┴────┴────────┴────────┴───────────┘
Grupo E - Jornada 2
___________________
Ucrania vs Rusia : 4 - 3
Escocia vs Gales : 0 - 4
┌─────────┬───────────┬────────┬────┬────┬────┬────┬────────┬────────┬───────────┐
│ (index) │   Team    │ Points │ PG │ WG │ DG │ LG │ GoalsF │ GoalsA │ GoalsDiff │
├─────────┼───────────┼────────┼────┼────┼────┼────┼────────┼────────┼───────────┤
│    0    │ 'Ucrania' │   6    │ 2  │ 2  │ 0  │ 0  │   7    │   5    │     2     │
│    1    │  'Gales'  │   3    │ 2  │ 1  │ 0  │ 1  │   5    │   2    │     3     │
│    2    │  'Rusia'  │   3    │ 2  │ 1  │ 0  │ 1  │   5    │   5    │     0     │
│    3    │ 'Escocia' │   0    │ 2  │ 0  │ 0  │ 2  │   2    │   7    │    -5     │
└─────────┴───────────┴────────┴────┴────┴────┴────┴────────┴────────┴───────────┘
Grupo F - Jornada 2
___________________
Inglaterra vs Francia : 1 - 2
Italia vs Macedonia : 4 - 4
┌─────────┬──────────────┬────────┬────┬────┬────┬────┬────────┬────────┬───────────┐
│ (index) │     Team     │ Points │ PG │ WG │ DG │ LG │ GoalsF │ GoalsA │ GoalsDiff │
├─────────┼──────────────┼────────┼────┼────┼────┼────┼────────┼────────┼───────────┤
│    0    │ 'Macedonia'  │   4    │ 2  │ 1  │ 1  │ 0  │   7    │   5    │     2     │
│    1    │  'Francia'   │   3    │ 2  │ 1  │ 0  │ 1  │   3    │   4    │    -1     │
│    2    │   'Italia'   │   2    │ 2  │ 0  │ 2  │ 0  │   8    │   8    │     0     │
│    3    │ 'Inglaterra' │   1    │ 2  │ 0  │ 1  │ 1  │   5    │   6    │    -1     │
└─────────┴──────────────┴────────┴────┴────┴────┴────┴────────┴────────┴───────────┘
Grupo A - Jornada 3
___________________
Hungria vs Alemania : 2 - 2
Suiza vs Dinamarca : 0 - 3
┌─────────┬─────────────┬────────┬────┬────┬────┬────┬────────┬────────┬───────────┐
│ (index) │    Team     │ Points │ PG │ WG │ DG │ LG │ GoalsF │ GoalsA │ GoalsDiff │
├─────────┼─────────────┼────────┼────┼────┼────┼────┼────────┼────────┼───────────┤
│    0    │ 'Alemania'  │   7    │ 3  │ 2  │ 1  │ 0  │   8    │   3    │     5     │
│    1    │  'Hungria'  │   4    │ 3  │ 1  │ 1  │ 1  │   6    │   7    │    -1     │
│    2    │ 'Dinamarca' │   3    │ 3  │ 1  │ 0  │ 2  │   7    │   7    │     0     │
│    3    │   'Suiza'   │   3    │ 3  │ 1  │ 0  │ 2  │   2    │   6    │    -4     │
└─────────┴─────────────┴────────┴────┴────┴────┴────┴────────┴────────┴───────────┘
Grupo B - Jornada 3
___________________
Bélgica vs Eslovaquia : 3 - 4
Holanda vs Austria : 0 - 4
┌─────────┬──────────────┬────────┬────┬────┬────┬────┬────────┬────────┬───────────┐
│ (index) │     Team     │ Points │ PG │ WG │ DG │ LG │ GoalsF │ GoalsA │ GoalsDiff │
├─────────┼──────────────┼────────┼────┼────┼────┼────┼────────┼────────┼───────────┤
│    0    │  'Austria'   │   9    │ 3  │ 3  │ 0  │ 0  │   11   │   1    │    10     │
│    1    │ 'Eslovaquia' │   6    │ 3  │ 2  │ 0  │ 1  │   8    │   7    │     1     │
│    2    │  'Bélgica'   │   3    │ 3  │ 1  │ 0  │ 2  │   7    │   11   │    -4     │
│    3    │  'Holanda'   │   0    │ 3  │ 0  │ 0  │ 3  │   4    │   11   │    -7     │
└─────────┴──────────────┴────────┴────┴────┴────┴────┴────────┴────────┴───────────┘
Grupo C - Jornada 3
___________________
España vs Finlandia : 4 - 0
Croacia vs Polonia : 4 - 4
┌─────────┬─────────────┬────────┬────┬────┬────┬────┬────────┬────────┬───────────┐
│ (index) │    Team     │ Points │ PG │ WG │ DG │ LG │ GoalsF │ GoalsA │ GoalsDiff │
├─────────┼─────────────┼────────┼────┼────┼────┼────┼────────┼────────┼───────────┤
│    0    │  'España'   │   7    │ 3  │ 2  │ 1  │ 0  │   9    │   3    │     6     │
│    1    │  'Polonia'  │   4    │ 3  │ 1  │ 1  │ 1  │   6    │   7    │    -1     │
│    2    │ 'Finlandia' │   3    │ 3  │ 1  │ 0  │ 2  │   4    │   8    │    -4     │
│    3    │  'Croacia'  │   2    │ 3  │ 0  │ 2  │ 1  │   9    │   10   │    -1     │
└─────────┴─────────────┴────────┴────┴────┴────┴────┴────────┴────────┴───────────┘
Grupo D - Jornada 3
___________________
Turquía vs Portugal : 0 - 3
Suecia vs República Checa : 2 - 4
┌─────────┬───────────────────┬────────┬────┬────┬────┬────┬────────┬────────┬───────────┐
│ (index) │       Team        │ Points │ PG │ WG │ DG │ LG │ GoalsF │ GoalsA │ GoalsDiff │
├─────────┼───────────────────┼────────┼────┼────┼────┼────┼────────┼────────┼───────────┤
│    0    │     'Suecia'      │   6    │ 3  │ 2  │ 0  │ 1  │   8    │   8    │     0     │
│    1    │ 'República Checa' │   5    │ 3  │ 1  │ 2  │ 0  │   8    │   6    │     2     │
│    2    │    'Portugal'     │   4    │ 3  │ 1  │ 1  │ 1  │   7    │   5    │     2     │
│    3    │     'Turquía'     │   1    │ 3  │ 0  │ 1  │ 2  │   4    │   8    │    -4     │
└─────────┴───────────────────┴────────┴────┴────┴────┴────┴────────┴────────┴───────────┘
Grupo E - Jornada 3
___________________
Gales vs Ucrania : 2 - 0
Rusia vs Escocia : 2 - 1
┌─────────┬───────────┬────────┬────┬────┬────┬────┬────────┬────────┬───────────┐
│ (index) │   Team    │ Points │ PG │ WG │ DG │ LG │ GoalsF │ GoalsA │ GoalsDiff │
├─────────┼───────────┼────────┼────┼────┼────┼────┼────────┼────────┼───────────┤
│    0    │  'Gales'  │   6    │ 3  │ 2  │ 0  │ 1  │   7    │   2    │     5     │
│    1    │  'Rusia'  │   6    │ 3  │ 2  │ 0  │ 1  │   7    │   6    │     1     │
│    2    │ 'Ucrania' │   6    │ 3  │ 2  │ 0  │ 1  │   7    │   7    │     0     │
│    3    │ 'Escocia' │   0    │ 3  │ 0  │ 0  │ 3  │   3    │   9    │    -6     │
└─────────┴───────────┴────────┴────┴────┴────┴────┴────────┴────────┴───────────┘
Grupo F - Jornada 3
___________________
Macedonia vs Inglaterra : 0 - 1
Francia vs Italia : 3 - 3
┌─────────┬──────────────┬────────┬────┬────┬────┬────┬────────┬────────┬───────────┐
│ (index) │     Team     │ Points │ PG │ WG │ DG │ LG │ GoalsF │ GoalsA │ GoalsDiff │
├─────────┼──────────────┼────────┼────┼────┼────┼────┼────────┼────────┼───────────┤
│    0    │ 'Macedonia'  │   4    │ 3  │ 1  │ 1  │ 1  │   7    │   6    │     1     │
│    1    │ 'Inglaterra' │   4    │ 3  │ 1  │ 1  │ 1  │   6    │   6    │     0     │
│    2    │  'Francia'   │   4    │ 3  │ 1  │ 1  │ 1  │   6    │   7    │    -1     │
│    3    │   'Italia'   │   3    │ 3  │ 0  │ 3  │ 0  │   11   │   11   │     0     │
└─────────┴──────────────┴────────┴────┴────┴────┴────┴────────┴────────┴───────────┘
************************************************
******COMIENZO DE LA FASE DE ELIMINATORIAS******
************************************************

====== OCTAVOS DE FINAL ======

Macedonia 2 - Ucrania 1 => Macedonia
Gales 1 - Portugal 5 => Portugal
Suecia 1 - Francia 3 => Francia
España 0 - Dinamarca 1 => Dinamarca
Austria 1 - Hungria 0 => Austria
Alemania 3 - República Checa 0 => Alemania
Polonia 2 - Rusia 5 => Rusia
Eslovaquia 5 - Inglaterra 4 => Eslovaquia

======= CUARTOS DE FINAL =======

Macedonia 3 - Eslovaquia 2 => Macedonia
Francia 3 - Alemania 5 => Alemania
Austria 4 - Dinamarca 3 => Austria
Rusia 2 - Portugal 3 => Portugal

======= SEMIFINALES =======

Macedonia 2 - Austria 3 => Austria
Alemania 4 - Portugal 1 => Alemania

======= TERCER Y CUARTO PUESTO =======

Macedonia 1 - Portugal 2 => Portugal

========== FINAL ==========

Austria 5 - Alemania 2 => Austria

=====================================
Austria CAMPEONA DE LA EURO!
=====================================
